\BOOKMARK [0][-]{chapter.1}{Introducci\363n general y objetivos}{}% 1
\BOOKMARK [1][-]{section.1.1}{Motivaci\363n y objetivos}{chapter.1}% 2
\BOOKMARK [1][-]{section.1.2}{Estructura de la memoria}{chapter.1}% 3
\BOOKMARK [0][-]{chapter.2}{Fundamentos te\363ricos y estado del arte}{}% 4
\BOOKMARK [1][-]{section.2.1}{Fundamentos te\363ricos}{chapter.2}% 5
\BOOKMARK [2][-]{subsection.2.1.1}{Computaci\363n evolutiva}{section.2.1}% 6
\BOOKMARK [3][-]{subsubsection.2.1.1.1}{Breve historia}{subsection.2.1.1}% 7
\BOOKMARK [3][-]{subsubsection.2.1.1.2}{Tipos de computaci\363n evolutiva}{subsection.2.1.1}% 8
\BOOKMARK [2][-]{subsection.2.1.2}{Algor\355tmos gen\351ticos}{section.2.1}% 9
\BOOKMARK [3][-]{subsubsection.2.1.2.1}{Caracter\355sticas}{subsection.2.1.2}% 10
\BOOKMARK [3][-]{subsubsection.2.1.2.2}{Elementos de un algoritmo gen\351tico}{subsection.2.1.2}% 11
\BOOKMARK [3][-]{subsubsection.2.1.2.3}{Par\341metros}{subsection.2.1.2}% 12
\BOOKMARK [1][-]{section.2.2}{Estado del arte}{chapter.2}% 13
\BOOKMARK [2][-]{subsection.2.2.1}{Visi\363n general}{section.2.2}% 14
\BOOKMARK [2][-]{subsection.2.2.2}{Tendencias}{section.2.2}% 15
\BOOKMARK [3][-]{subsubsection.2.2.2.1}{Mecanismos autoevolutivos}{subsection.2.2.2}% 16
\BOOKMARK [3][-]{subsubsection.2.2.2.2}{Algor\355tmos mem\351ticos}{subsection.2.2.2}% 17
\BOOKMARK [3][-]{subsubsection.2.2.2.3}{Computaci\363n evolutiva y rob\363tica}{subsection.2.2.2}% 18
\BOOKMARK [3][-]{subsubsection.2.2.2.4}{Enjambre de part\355culas}{subsection.2.2.2}% 19
\BOOKMARK [2][-]{subsection.2.2.3}{Aplicaciones}{section.2.2}% 20
\BOOKMARK [2][-]{subsection.2.2.4}{El futuro}{section.2.2}% 21
\BOOKMARK [0][-]{chapter.3}{Conclusiones y trabajos futuros}{}% 22
\BOOKMARK [1][-]{section.3.1}{Conclusiones}{chapter.3}% 23
\BOOKMARK [1][-]{section.3.2}{Trabajos futuros}{chapter.3}% 24
\BOOKMARK [0][-]{appendix.Alph1}{<T\355tulo Anexo A>}{}% 25
\BOOKMARK [1][-]{section.Alph1.1}{<Primera secci\363n anexo>}{appendix.Alph1}% 26
\BOOKMARK [2][-]{subsection.Alph1.1.1}{<Primera subsecci\363n anexo>}{section.Alph1.1}% 27
